<?xml version="1.0" encoding="UTF-8"?>
<testsuite xmlns:xsi="http://www.w3.org/2001/XMLSchema-instance" xsi:noNamespaceSchemaLocation="https://maven.apache.org/surefire/maven-surefire-plugin/xsd/surefire-test-report-3.0.xsd" version="3.0" name="com.finance.service.FinanceServiceTest" time="0.219" tests="8" errors="0" skipped="0" failures="0">
  <properties>
[...]
</properties>
  <testcase name="testAddExpenseWithInvalidAmount" classname="com.finance.service.FinanceServiceTest" time="0.139"/>
  <testcase name="testAddExpenseWithNullCategory" classname="com.finance.service.FinanceServiceTest" time="0.002"/>
  <testcase name="testAddIncomeWithEmptyCategory" classname="com.finance.service.FinanceServiceTest" time="0.001"/>
  <testcase name="testBudgetAlerts" classname="com.finance.service.FinanceServiceTest" time="0.042">
    <system-out><![CDATA[🚨 Внимание: отрицательный баланс! Расходы превысили доходы.
]]></system-out>
  </testcase>
  <testcase name="testAddIncomeWithInvalidAmount" classname="com.finance.service.FinanceServiceTest" time="0.002"/>
  <testcase name="testAddExpense" classname="com.finance.service.FinanceServiceTest" time="0.008">
    <system-out><![CDATA[💡 Предупреждение: низкий баланс (800.0)
]]></system-out>
  </testcase>
  <testcase name="testAddIncome" classname="com.finance.service.FinanceServiceTest" time="0.002"/>
  <testcase name="testSetBudget" classname="com.finance.service.FinanceServiceTest" time="0.002"/>
</testsuite>